info:  function toLocaleDateString() { [native code] } - Connected to Mongo Atlas
info:  18/9/2023 - Connected to Mongo Atlas
info:  18/9/2023 undefined - Connected to Mongo Atlas
info:  18/9/2023 20:16:46 GMT-0300 (hora estándar de Argentina) - Connected to Mongo Atlas
info:  18/9/2023 20:18:33 GMT-0300 (hora estándar de Argentina) - Connected to Mongo Atlas
info:  18/9/2023 20:18:47 GMT-0300 (hora estándar de Argentina) - Connected to Mongo Atlas
info:  18/9/2023 20:18:57 GMT-0300 (hora estándar de Argentina) - Connected to Mongo Atlas
info: Server listening on port 8080
info:  18/9/2023 20:23:10 GMT-0300 (hora estándar de Argentina) - Connected to Mongo Atlas
info:  18/9/2023 Mon, 18 Sep 2023 23:24:34 GMT Server listening on port 8080
info:  18/9/2023 Mon, 18 Sep 2023 23:24:36 GMT - Connected to Mongo Atlas
info: Mon, 18 Sep 2023 23:24:58 GMT Server listening on port 8080
info:  18/9/2023 Mon, 18 Sep 2023 23:25:00 GMT - Connected to Mongo Atlas
info: Mon, 18 Sep 2023 23:25:10 GMT Server listening on port 8080
info: Mon, 18 Sep 2023 23:25:12 GMT - Connected to Mongo Atlas
info: Mon, 18 Sep 2023 23:25:14 GMT Server listening on port 8080
info: Mon, 18 Sep 2023 23:25:16 GMT - Connected to Mongo Atlas
info: Mon, 18 Sep 2023 23:25:22 GMT - Server listening on port 8080
info: Mon, 18 Sep 2023 23:25:24 GMT - Connected to Mongo Atlas
info: Mon, 18 Sep 2023 23:29:34 GMT - Server listening on port 8080
info: Mon, 18 Sep 2023 23:29:36 GMT - Connected to Mongo Atlas
info: Mon, 18 Sep 2023 23:41:18 GMT - Server listening on port 8080
info: Mon, 18 Sep 2023 23:41:20 GMT - Connected to Mongo Atlas
warn: Mon, 18 Sep 2023 23:41:25 GMT - We do not have enough stock of the product 64b082dfdff9d362af169318. The product was not added to the purchase.
warn: Mon, 18 Sep 2023 23:41:25 GMT - The following products cannot be purchased: {
  _id: new ObjectId("64b082dfdff9d362af169318"),
  title: 'Bio Balance Crema Peinar Vegana 250mg',
  description: 'Base a elementos naturales de origen vegetal',
  price: 1680,
  thumbnail: [ './img/bio250.jpg' ],
  code: 'BIO250',
  stock: 2,
  status: true,
  category: 'Crema',
  __v: 0
}
warn: Mon, 18 Sep 2023 23:42:02 GMT - We do not have enough stock of the product 64b082dfdff9d362af169318. The product was not added to the purchase.
warn: Mon, 18 Sep 2023 23:42:02 GMT - The following products cannot be purchased: {
  _id: new ObjectId("64b082dfdff9d362af169318"),
  title: 'Bio Balance Crema Peinar Vegana 250mg',
  description: 'Base a elementos naturales de origen vegetal',
  price: 1680,
  thumbnail: [ './img/bio250.jpg' ],
  code: 'BIO250',
  stock: 2,
  status: true,
  category: 'Crema',
  __v: 0
}
info: Tue, 19 Sep 2023 03:03:08 GMT - Server listening on port 8080
info: Tue, 19 Sep 2023 03:03:10 GMT - Connected to Mongo Atlas
fatal: Fatal log
info: Tue, 19 Sep 2023 03:10:01 GMT - Server listening on port 8080
info: Tue, 19 Sep 2023 03:10:03 GMT - Connected to Mongo Atlas
fatal: Fatal log
error: Error log
warn: Warning log
info: Info log
info: Tue, 19 Sep 2023 03:10:36 GMT - Server listening on port 8080
info: Tue, 19 Sep 2023 03:10:37 GMT - Connected to Mongo Atlas
fatal: Fatal log
error: Error log
warn: Warning log
info: Info log
